<?xml version="1.0" encoding="UTF-8"?>
<testng-results ignored="0" total="2" passed="2" failed="0" skipped="0">
  <reporter-output>
  </reporter-output>
  <suite started-at="2023-06-01T12:51:33Z" name="Default suite" finished-at="2023-06-01T12:51:53Z" duration-ms="20339">
    <groups>
    </groups>
    <test started-at="2023-06-01T12:51:33Z" name="Default test" finished-at="2023-06-01T12:51:53Z" duration-ms="20339">
      <class name="Projectsell.Demo1">
        <test-method signature="Testlogin(java.lang.String, java.lang.String)[pri:0, instance:Projectsell.Demo1@5e600dd5]" started-at="2023-06-01T18:21:33Z" name="Testlogin" data-provider="logintestdata" finished-at="2023-06-01T18:21:40Z" duration-ms="6992" status="PASS">
          <params>
            <param index="0">
              <value>
                <![CDATA[Admin]]>
              </value>
            </param>
            <param index="1">
              <value>
                <![CDATA[test123]]>
              </value>
            </param>
          </params>
          <reporter-output>
          </reporter-output>
        </test-method> <!-- Testlogin -->
        <test-method signature="Testlogin(java.lang.String, java.lang.String)[pri:0, instance:Projectsell.Demo1@5e600dd5]" started-at="2023-06-01T18:21:40Z" name="Testlogin" data-provider="logintestdata" finished-at="2023-06-01T18:21:53Z" duration-ms="13322" status="PASS">
          <params>
            <param index="0">
              <value is-null="true"/>
            </param>
            <param index="1">
              <value is-null="true"/>
            </param>
          </params>
          <reporter-output>
          </reporter-output>
        </test-method> <!-- Testlogin -->
      </class> <!-- Projectsell.Demo1 -->
    </test> <!-- Default test -->
  </suite> <!-- Default suite -->
</testng-results>
